<?xml version="1.0" encoding="UTF-8"?>
<!-- Generated by org.testng.reporters.JUnitXMLReporter -->
<testsuite hostname="SAI10" ignored="41" name="Test" tests="44" failures="6" timestamp="20 Jun 2017 08:14:54 GMT" time="4748.166" errors="0">
  <testcase name="welcomeBasSubscription" time="61.986" classname="postRegistrationRuleMailer.Welcome"/>
  <testcase name="welcomeStandardSubscription" time="56.69" classname="postRegistrationRuleMailer.Welcome"/>
  <testcase name="welcomePremiumSubscription" time="60.133" classname="postRegistrationRuleMailer.Welcome"/>
  <testcase name="negativeFreeTrialRegistration" time="358.257" classname="postRegistrationRuleMailer.Welcome"/>
  <testcase name="welcomeBackNoOfferBas" time="48.084" classname="confirmationsRuleMailer.WelcomeBackNoOffer">
    <failure type="org.openqa.selenium.NoSuchElementException" message="no such element: Unable to locate element: {&amp;quot;method&amp;quot;:&amp;quot;xpath&amp;quot;,&amp;quot;selector&amp;quot;:&amp;quot;//label[contains(text(),&amp;apos;Tmp Password&amp;apos;)]/../following-sibling::td[1]/*&amp;quot;}
  (Session info: chrome=58.0.3029.110)
  (Driver info: chromedriver=2.29.461591 (62ebf098771772160f391d75e589dc567915b233),platform=Windows NT 6.3.9600 x86_64) (WARNING: The server did not provide any stacktrace information)
Command duration or timeout: 52 milliseconds
For documentation on this error, please visit: http://seleniumhq.org/exceptions/no_such_element.html
Build info: version: &amp;apos;3.3.1&amp;apos;, revision: &amp;apos;5234b325d5&amp;apos;, time: &amp;apos;2017-03-10 09:10:29 +0000&amp;apos;
System info: host: &amp;apos;SAI10&amp;apos;, ip: &amp;apos;10.91.0.141&amp;apos;, os.name: &amp;apos;Windows 8.1&amp;apos;, os.arch: &amp;apos;amd64&amp;apos;, os.version: &amp;apos;6.3&amp;apos;, java.version: &amp;apos;1.8.0_121&amp;apos;
Driver info: org.openqa.selenium.chrome.ChromeDriver
Capabilities [{applicationCacheEnabled=false, rotatable=false, mobileEmulationEnabled=false, networkConnectionEnabled=false, chrome={chromedriverVersion=2.29.461591 (62ebf098771772160f391d75e589dc567915b233), userDataDir=C:\Users\SAI11\AppData\Local\Temp\scoped_dir24032_15471}, takesHeapSnapshot=true, pageLoadStrategy=normal, databaseEnabled=false, handlesAlerts=true, hasTouchScreen=false, version=58.0.3029.110, platform=WIN8_1, browserConnectionEnabled=false, nativeEvents=true, acceptSslCerts=true, locationContextEnabled=true, webStorageEnabled=true, browserName=chrome, takesScreenshot=true, javascriptEnabled=true, cssSelectorsEnabled=true, unexpectedAlertBehaviour=}]
Session ID: 4fb23e18481d82af5594c1ae658e730f
*** Element info: {Using=xpath, value=//label[contains(text(),&amp;apos;Tmp Password&amp;apos;)]/../following-sibling::td[1]/*}">
      <![CDATA[org.openqa.selenium.NoSuchElementException: no such element: Unable to locate element: {"method":"xpath","selector":"//label[contains(text(),'Tmp Password')]/../following-sibling::td[1]/*"}
  (Session info: chrome=58.0.3029.110)
  (Driver info: chromedriver=2.29.461591 (62ebf098771772160f391d75e589dc567915b233),platform=Windows NT 6.3.9600 x86_64) (WARNING: The server did not provide any stacktrace information)
Command duration or timeout: 52 milliseconds
For documentation on this error, please visit: http://seleniumhq.org/exceptions/no_such_element.html
Build info: version: '3.3.1', revision: '5234b325d5', time: '2017-03-10 09:10:29 +0000'
System info: host: 'SAI10', ip: '10.91.0.141', os.name: 'Windows 8.1', os.arch: 'amd64', os.version: '6.3', java.version: '1.8.0_121'
Driver info: org.openqa.selenium.chrome.ChromeDriver
Capabilities [{applicationCacheEnabled=false, rotatable=false, mobileEmulationEnabled=false, networkConnectionEnabled=false, chrome={chromedriverVersion=2.29.461591 (62ebf098771772160f391d75e589dc567915b233), userDataDir=C:\Users\SAI11\AppData\Local\Temp\scoped_dir24032_15471}, takesHeapSnapshot=true, pageLoadStrategy=normal, databaseEnabled=false, handlesAlerts=true, hasTouchScreen=false, version=58.0.3029.110, platform=WIN8_1, browserConnectionEnabled=false, nativeEvents=true, acceptSslCerts=true, locationContextEnabled=true, webStorageEnabled=true, browserName=chrome, takesScreenshot=true, javascriptEnabled=true, cssSelectorsEnabled=true, unexpectedAlertBehaviour=}]
Session ID: 4fb23e18481d82af5594c1ae658e730f
*** Element info: {Using=xpath, value=//label[contains(text(),'Tmp Password')]/../following-sibling::td[1]/*}
	at org.openqa.selenium.remote.ErrorHandler.createThrowable(ErrorHandler.java:216)
	at org.openqa.selenium.remote.ErrorHandler.throwIfResponseFailed(ErrorHandler.java:168)
	at org.openqa.selenium.remote.RemoteWebDriver.execute(RemoteWebDriver.java:638)
	at org.openqa.selenium.remote.RemoteWebDriver.findElement(RemoteWebDriver.java:371)
	at org.openqa.selenium.remote.RemoteWebDriver.findElementByXPath(RemoteWebDriver.java:476)
	at org.openqa.selenium.By$ByXPath.findElement(By.java:361)
	at org.openqa.selenium.remote.RemoteWebDriver.findElement(RemoteWebDriver.java:363)
	at common.PasswordFromAdmin.gettingPasswordFromAdmin(PasswordFromAdmin.java:41)
	at confirmationsRuleMailer.WelcomeBackNoOffer.welcomeBackNoOfferBas(WelcomeBackNoOffer.java:54)
... Removed 29 stack frames]]>
    </failure>
  </testcase> <!-- welcomeBackNoOfferBas -->
  <testcase name="welcomeBackNoOfferStandard" time="103.197" classname="confirmationsRuleMailer.WelcomeBackNoOffer"/>
  <testcase name="welcomeBackNoOfferPremium" time="76.884" classname="confirmationsRuleMailer.WelcomeBackNoOffer"/>
  <testcase name="negativeFlows" time="88.974" classname="confirmationsRuleMailer.WelcomeBackNoOffer"/>
  <testcase name="existingMemberSubscriptionUpgrade" time="82.55" classname="confirmationsRuleMailer.SubscriptionUpgrade"/>
  <testcase name="selectingSameSubscriptionToUpgrade" time="74.17" classname="confirmationsRuleMailer.SubscriptionUpgrade"/>
  <testcase name="checkingCancelButtons" time="315.576" classname="confirmationsRuleMailer.SubscriptionUpgrade">
    <failure type="org.openqa.selenium.TimeoutException" message="timeout
  (Session info: chrome=58.0.3029.110)
  (Driver info: chromedriver=2.29.461591 (62ebf098771772160f391d75e589dc567915b233),platform=Windows NT 6.3.9600 x86_64) (WARNING: The server did not provide any stacktrace information)
Command duration or timeout: 300.13 seconds
Build info: version: &amp;apos;3.3.1&amp;apos;, revision: &amp;apos;5234b325d5&amp;apos;, time: &amp;apos;2017-03-10 09:10:29 +0000&amp;apos;
System info: host: &amp;apos;SAI10&amp;apos;, ip: &amp;apos;10.91.0.141&amp;apos;, os.name: &amp;apos;Windows 8.1&amp;apos;, os.arch: &amp;apos;amd64&amp;apos;, os.version: &amp;apos;6.3&amp;apos;, java.version: &amp;apos;1.8.0_121&amp;apos;
Driver info: org.openqa.selenium.chrome.ChromeDriver
Capabilities [{applicationCacheEnabled=false, rotatable=false, mobileEmulationEnabled=false, networkConnectionEnabled=false, chrome={chromedriverVersion=2.29.461591 (62ebf098771772160f391d75e589dc567915b233), userDataDir=C:\Users\SAI11\AppData\Local\Temp\scoped_dir30096_8917}, takesHeapSnapshot=true, pageLoadStrategy=normal, databaseEnabled=false, handlesAlerts=true, hasTouchScreen=false, version=58.0.3029.110, platform=WIN8_1, browserConnectionEnabled=false, nativeEvents=true, acceptSslCerts=true, locationContextEnabled=true, webStorageEnabled=true, browserName=chrome, takesScreenshot=true, javascriptEnabled=true, cssSelectorsEnabled=true, unexpectedAlertBehaviour=}]
Session ID: 4c01f494874b532ba9f1831f0564e88f">
      <![CDATA[org.openqa.selenium.TimeoutException: timeout
  (Session info: chrome=58.0.3029.110)
  (Driver info: chromedriver=2.29.461591 (62ebf098771772160f391d75e589dc567915b233),platform=Windows NT 6.3.9600 x86_64) (WARNING: The server did not provide any stacktrace information)
Command duration or timeout: 300.13 seconds
Build info: version: '3.3.1', revision: '5234b325d5', time: '2017-03-10 09:10:29 +0000'
System info: host: 'SAI10', ip: '10.91.0.141', os.name: 'Windows 8.1', os.arch: 'amd64', os.version: '6.3', java.version: '1.8.0_121'
Driver info: org.openqa.selenium.chrome.ChromeDriver
Capabilities [{applicationCacheEnabled=false, rotatable=false, mobileEmulationEnabled=false, networkConnectionEnabled=false, chrome={chromedriverVersion=2.29.461591 (62ebf098771772160f391d75e589dc567915b233), userDataDir=C:\Users\SAI11\AppData\Local\Temp\scoped_dir30096_8917}, takesHeapSnapshot=true, pageLoadStrategy=normal, databaseEnabled=false, handlesAlerts=true, hasTouchScreen=false, version=58.0.3029.110, platform=WIN8_1, browserConnectionEnabled=false, nativeEvents=true, acceptSslCerts=true, locationContextEnabled=true, webStorageEnabled=true, browserName=chrome, takesScreenshot=true, javascriptEnabled=true, cssSelectorsEnabled=true, unexpectedAlertBehaviour=}]
Session ID: 4c01f494874b532ba9f1831f0564e88f
	at org.openqa.selenium.remote.ErrorHandler.createThrowable(ErrorHandler.java:216)
	at org.openqa.selenium.remote.ErrorHandler.throwIfResponseFailed(ErrorHandler.java:168)
	at org.openqa.selenium.remote.RemoteWebDriver.execute(RemoteWebDriver.java:638)
	at org.openqa.selenium.remote.RemoteWebElement.execute(RemoteWebElement.java:274)
	at org.openqa.selenium.remote.RemoteWebElement.click(RemoteWebElement.java:84)
	at org.openqa.selenium.support.pagefactory.internal.LocatingElementHandler.invoke(LocatingElementHandler.java:51)
	at com.sun.proxy.$Proxy14.click(Unknown Source)
	at pages.HomePage.clickLoginLink(HomePage.java:52)
	at confirmationsRuleMailer.SubscriptionUpgrade.checkingCancelButtons(SubscriptionUpgrade.java:583)
... Removed 32 stack frames]]>
    </failure>
  </testcase> <!-- checkingCancelButtons -->
  <testcase name="subscriptionDowngrade" time="64.605" classname="confirmationsRuleMailer.SubscriptionDowngrade"/>
  <testcase name="selectingSameSubscriptionToUpgrade" time="65.508" classname="confirmationsRuleMailer.SubscriptionDowngrade"/>
  <testcase name="checkingCancelButtons" time="191.541" classname="confirmationsRuleMailer.SubscriptionDowngrade"/>
  <testcase name="forgotPasswordTC101001" time="15.619" classname="confirmationsRuleMailer.ForgotPassword"/>
  <testcase name="forgotPasswordBlankEmail" time="14.912" classname="confirmationsRuleMailer.ForgotPassword"/>
  <testcase name="forgotPasswordWrongEmail" time="25.565" classname="confirmationsRuleMailer.ForgotPassword"/>
  <testcase name="churnPayingMemberTC100601" time="62.545" classname="confirmationsRuleMailer.ChurnPayingMember"/>
  <testcase name="churnPayingMemberTC100602" time="25.288" classname="confirmationsRuleMailer.ChurnPayingMember"/>
  <testcase name="churnPayingMemberNoSelection" time="108.782" classname="confirmationsRuleMailer.ChurnPayingMember">
    <failure type="org.openqa.selenium.TimeoutException" message="Expected condition failed: waiting for visibility of Proxy element for: DefaultElementLocator &amp;apos;By.xpath: //button[@class=&amp;apos;new borderButton greybutton&amp;apos;]&amp;apos; (tried for 20 second(s) with 500 MILLISECONDS interval)">
      <![CDATA[org.openqa.selenium.TimeoutException: Expected condition failed: waiting for visibility of Proxy element for: DefaultElementLocator 'By.xpath: //button[@class='new borderButton greybutton']' (tried for 20 second(s) with 500 MILLISECONDS interval)
	at org.openqa.selenium.support.ui.WebDriverWait.timeoutException(WebDriverWait.java:80)
	at org.openqa.selenium.support.ui.FluentWait.until(FluentWait.java:232)
	at common.BasePage.waitTillElementIsVisible(BasePage.java:28)
	at pages.EndSubscriptionPage.clickToConfirmEndSubscription(EndSubscriptionPage.java:51)
	at confirmationsRuleMailer.ChurnPayingMember.churnPayingMemberNoSelection(ChurnPayingMember.java:520)
Caused by: org.openqa.selenium.NoSuchElementException: no such element: Unable to locate element: {"method":"xpath","selector":"//button[@class='new borderButton greybutton']"}
  (Session info: chrome=58.0.3029.110)
  (Driver info: chromedriver=2.29.461591 (62ebf098771772160f391d75e589dc567915b233),platform=Windows NT 6.3.9600 x86_64) (WARNING: The server did not provide any stacktrace information)
Command duration or timeout: 20.05 seconds
For documentation on this error, please visit: http://seleniumhq.org/exceptions/no_such_element.html
Build info: version: '3.3.1', revision: '5234b325d5', time: '2017-03-10 09:10:29 +0000'
System info: host: 'SAI10', ip: '10.91.0.141', os.name: 'Windows 8.1', os.arch: 'amd64', os.version: '6.3', java.version: '1.8.0_121'
Driver info: org.openqa.selenium.chrome.ChromeDriver
Capabilities [{applicationCacheEnabled=false, rotatable=false, mobileEmulationEnabled=false, networkConnectionEnabled=false, chrome={chromedriverVersion=2.29.461591 (62ebf098771772160f391d75e589dc567915b233), userDataDir=C:\Users\SAI11\AppData\Local\Temp\scoped_dir29312_21606}, takesHeapSnapshot=true, pageLoadStrategy=normal, databaseEnabled=false, handlesAlerts=true, hasTouchScreen=false, version=58.0.3029.110, platform=WIN8_1, browserConnectionEnabled=false, nativeEvents=true, acceptSslCerts=true, locationContextEnabled=true, webStorageEnabled=true, browserName=chrome, takesScreenshot=true, javascriptEnabled=true, cssSelectorsEnabled=true, unexpectedAlertBehaviour=}]
Session ID: d50078975f67f70916eacbab8b6f4ebe
*** Element info: {Using=xpath, value=//button[@class='new borderButton greybutton']}
	at org.openqa.selenium.remote.ErrorHandler.createThrowable(ErrorHandler.java:216)
	at org.openqa.selenium.remote.ErrorHandler.throwIfResponseFailed(ErrorHandler.java:168)
	at org.openqa.selenium.remote.RemoteWebDriver.execute(RemoteWebDriver.java:638)
	at org.openqa.selenium.remote.RemoteWebDriver.findElement(RemoteWebDriver.java:371)
	at org.openqa.selenium.remote.RemoteWebDriver.findElementByXPath(RemoteWebDriver.java:476)
	at org.openqa.selenium.By$ByXPath.findElement(By.java:361)
	at org.openqa.selenium.remote.RemoteWebDriver.findElement(RemoteWebDriver.java:363)
	at org.openqa.selenium.support.pagefactory.DefaultElementLocator.findElement(DefaultElementLocator.java:69)
	at org.openqa.selenium.support.pagefactory.internal.LocatingElementHandler.invoke(LocatingElementHandler.java:38)
	at com.sun.proxy.$Proxy14.isDisplayed(Unknown Source)
	at org.openqa.selenium.support.ui.ExpectedConditions.elementIfVisible(ExpectedConditions.java:302)
	at org.openqa.selenium.support.ui.ExpectedConditions.access$100(ExpectedConditions.java:44)
	at org.openqa.selenium.support.ui.ExpectedConditions$10.apply(ExpectedConditions.java:288)
	at org.openqa.selenium.support.ui.ExpectedConditions$10.apply(ExpectedConditions.java:285)
	at org.openqa.selenium.support.ui.FluentWait.until(FluentWait.java:209)
	... 28 more
... Removed 29 stack frames]]>
    </failure>
  </testcase> <!-- churnPayingMemberNoSelection -->
  <testcase name="churnFreeTrialCampaignMember" time="63.512" classname="confirmationsRuleMailer.ChurnFreeTrialCampaignMember"/>
  <testcase name="churnFreeTrialCampaignMemberNoSelection" time="71.114" classname="confirmationsRuleMailer.ChurnFreeTrialCampaignMember"/>
  <testcase name="cardUpdatedExpiry" time="58.862" classname="confirmationsRuleMailer.CardUpdatedExpiry"/>
  <testcase name="negativeFlows" time="63.84" classname="confirmationsRuleMailer.CardUpdatedExpiry"/>
  <testcase name="giftCardPurchaseNewUserOneManad" time="335.978" classname="registrationFlows.PurchaseGiftCards">
    <failure type="org.openqa.selenium.TimeoutException" message="timeout
  (Session info: chrome=58.0.3029.110)
  (Driver info: chromedriver=2.29.461591 (62ebf098771772160f391d75e589dc567915b233),platform=Windows NT 6.3.9600 x86_64) (WARNING: The server did not provide any stacktrace information)
Command duration or timeout: 300.02 seconds
Build info: version: &amp;apos;3.3.1&amp;apos;, revision: &amp;apos;5234b325d5&amp;apos;, time: &amp;apos;2017-03-10 09:10:29 +0000&amp;apos;
System info: host: &amp;apos;SAI10&amp;apos;, ip: &amp;apos;10.91.0.141&amp;apos;, os.name: &amp;apos;Windows 8.1&amp;apos;, os.arch: &amp;apos;amd64&amp;apos;, os.version: &amp;apos;6.3&amp;apos;, java.version: &amp;apos;1.8.0_121&amp;apos;
Driver info: org.openqa.selenium.chrome.ChromeDriver
Capabilities [{applicationCacheEnabled=false, rotatable=false, mobileEmulationEnabled=false, networkConnectionEnabled=false, chrome={chromedriverVersion=2.29.461591 (62ebf098771772160f391d75e589dc567915b233), userDataDir=C:\Users\SAI11\AppData\Local\Temp\scoped_dir33340_9074}, takesHeapSnapshot=true, pageLoadStrategy=normal, databaseEnabled=false, handlesAlerts=true, hasTouchScreen=false, version=58.0.3029.110, platform=WIN8_1, browserConnectionEnabled=false, nativeEvents=true, acceptSslCerts=true, locationContextEnabled=true, webStorageEnabled=true, browserName=chrome, takesScreenshot=true, javascriptEnabled=true, cssSelectorsEnabled=true, unexpectedAlertBehaviour=}]
Session ID: 24e12f9e3b0b1fa41c145aac72c82476">
      <![CDATA[org.openqa.selenium.TimeoutException: timeout
  (Session info: chrome=58.0.3029.110)
  (Driver info: chromedriver=2.29.461591 (62ebf098771772160f391d75e589dc567915b233),platform=Windows NT 6.3.9600 x86_64) (WARNING: The server did not provide any stacktrace information)
Command duration or timeout: 300.02 seconds
Build info: version: '3.3.1', revision: '5234b325d5', time: '2017-03-10 09:10:29 +0000'
System info: host: 'SAI10', ip: '10.91.0.141', os.name: 'Windows 8.1', os.arch: 'amd64', os.version: '6.3', java.version: '1.8.0_121'
Driver info: org.openqa.selenium.chrome.ChromeDriver
Capabilities [{applicationCacheEnabled=false, rotatable=false, mobileEmulationEnabled=false, networkConnectionEnabled=false, chrome={chromedriverVersion=2.29.461591 (62ebf098771772160f391d75e589dc567915b233), userDataDir=C:\Users\SAI11\AppData\Local\Temp\scoped_dir33340_9074}, takesHeapSnapshot=true, pageLoadStrategy=normal, databaseEnabled=false, handlesAlerts=true, hasTouchScreen=false, version=58.0.3029.110, platform=WIN8_1, browserConnectionEnabled=false, nativeEvents=true, acceptSslCerts=true, locationContextEnabled=true, webStorageEnabled=true, browserName=chrome, takesScreenshot=true, javascriptEnabled=true, cssSelectorsEnabled=true, unexpectedAlertBehaviour=}]
Session ID: 24e12f9e3b0b1fa41c145aac72c82476
	at org.openqa.selenium.remote.ErrorHandler.createThrowable(ErrorHandler.java:216)
	at org.openqa.selenium.remote.ErrorHandler.throwIfResponseFailed(ErrorHandler.java:168)
	at org.openqa.selenium.remote.RemoteWebDriver.execute(RemoteWebDriver.java:638)
	at org.openqa.selenium.remote.RemoteWebDriver.get(RemoteWebDriver.java:325)
	at registrationFlows.PurchaseGiftCards.giftCardPurchaseNewUserOneManad(PurchaseGiftCards.java:127)
... Removed 29 stack frames]]>
    </failure>
  </testcase> <!-- giftCardPurchaseNewUserOneManad -->
  <testcase name="giftCardPurchaseNewUserThreeManad" time="47.257" classname="registrationFlows.PurchaseGiftCards">
    <failure type="org.openqa.selenium.TimeoutException" message="Expected condition failed: waiting for visibility of [[ChromeDriver: chrome on WIN8_1 (03440c89761fad849bd7e2690e997b12)] -&amp;gt; xpath: //a[contains(text(),&amp;apos;Presentkort&amp;apos;)]] (tried for 20 second(s) with 500 MILLISECONDS interval)">
      <![CDATA[org.openqa.selenium.TimeoutException: Expected condition failed: waiting for visibility of [[ChromeDriver: chrome on WIN8_1 (03440c89761fad849bd7e2690e997b12)] -> xpath: //a[contains(text(),'Presentkort')]] (tried for 20 second(s) with 500 MILLISECONDS interval)
	at org.openqa.selenium.support.ui.WebDriverWait.timeoutException(WebDriverWait.java:80)
	at org.openqa.selenium.support.ui.FluentWait.until(FluentWait.java:232)
	at common.BasePage.waitTillElementIsVisible(BasePage.java:28)
	at pages.HomePage.clickGiftCard(HomePage.java:64)
	at registrationFlows.PurchaseGiftCards.giftCardPurchaseNewUserThreeManad(PurchaseGiftCards.java:154)
Caused by: org.openqa.selenium.NoSuchElementException: no such element: Unable to locate element: {"method":"xpath","selector":"//a[contains(text(),'Presentkort')]"}
  (Session info: chrome=58.0.3029.110)
  (Driver info: chromedriver=2.29.461591 (62ebf098771772160f391d75e589dc567915b233),platform=Windows NT 6.3.9600 x86_64) (WARNING: The server did not provide any stacktrace information)
Command duration or timeout: 20.04 seconds
For documentation on this error, please visit: http://seleniumhq.org/exceptions/no_such_element.html
Build info: version: '3.3.1', revision: '5234b325d5', time: '2017-03-10 09:10:29 +0000'
System info: host: 'SAI10', ip: '10.91.0.141', os.name: 'Windows 8.1', os.arch: 'amd64', os.version: '6.3', java.version: '1.8.0_121'
Driver info: org.openqa.selenium.chrome.ChromeDriver
Capabilities [{applicationCacheEnabled=false, rotatable=false, mobileEmulationEnabled=false, networkConnectionEnabled=false, chrome={chromedriverVersion=2.29.461591 (62ebf098771772160f391d75e589dc567915b233), userDataDir=C:\Users\SAI11\AppData\Local\Temp\scoped_dir33600_387}, takesHeapSnapshot=true, pageLoadStrategy=normal, databaseEnabled=false, handlesAlerts=true, hasTouchScreen=false, version=58.0.3029.110, platform=WIN8_1, browserConnectionEnabled=false, nativeEvents=true, acceptSslCerts=true, locationContextEnabled=true, webStorageEnabled=true, browserName=chrome, takesScreenshot=true, javascriptEnabled=true, cssSelectorsEnabled=true, unexpectedAlertBehaviour=}]
Session ID: 03440c89761fad849bd7e2690e997b12
*** Element info: {Using=xpath, value=//a[contains(text(),'Presentkort')]}
	at org.openqa.selenium.remote.ErrorHandler.createThrowable(ErrorHandler.java:216)
	at org.openqa.selenium.remote.ErrorHandler.throwIfResponseFailed(ErrorHandler.java:168)
	at org.openqa.selenium.remote.RemoteWebDriver.execute(RemoteWebDriver.java:638)
	at org.openqa.selenium.remote.RemoteWebDriver.findElement(RemoteWebDriver.java:371)
	at org.openqa.selenium.remote.RemoteWebDriver.findElementByXPath(RemoteWebDriver.java:476)
	at org.openqa.selenium.By$ByXPath.findElement(By.java:361)
	at org.openqa.selenium.remote.RemoteWebDriver.findElement(RemoteWebDriver.java:363)
	at org.openqa.selenium.support.pagefactory.DefaultElementLocator.findElement(DefaultElementLocator.java:69)
	at org.openqa.selenium.support.pagefactory.internal.LocatingElementHandler.invoke(LocatingElementHandler.java:38)
	at com.sun.proxy.$Proxy14.isDisplayed(Unknown Source)
	at org.openqa.selenium.support.ui.ExpectedConditions.elementIfVisible(ExpectedConditions.java:302)
	at org.openqa.selenium.support.ui.ExpectedConditions.access$100(ExpectedConditions.java:44)
	at org.openqa.selenium.support.ui.ExpectedConditions$10.apply(ExpectedConditions.java:288)
	at org.openqa.selenium.support.ui.ExpectedConditions$10.apply(ExpectedConditions.java:285)
	at org.openqa.selenium.support.ui.FluentWait.until(FluentWait.java:209)
	... 28 more
... Removed 29 stack frames]]>
    </failure>
  </testcase> <!-- giftCardPurchaseNewUserThreeManad -->
  <testcase name="giftCardPurchaseNewUserSixManad" time="41.014" classname="registrationFlows.PurchaseGiftCards"/>
  <testcase name="oneMonthGiftCardPurchaseExistingUser" time="69.738" classname="registrationFlows.PurchaseGiftCards"/>
  <testcase name="threeMonthGiftCardPurchaseExistingUser" time="66.897" classname="registrationFlows.PurchaseGiftCards"/>
  <testcase name="sixMonthGiftCardPurchaseExistingUser" time="68.078" classname="registrationFlows.PurchaseGiftCards"/>
  <testcase name="invalidInputsNewUserPurchase" time="48.302" classname="registrationFlows.PurchaseGiftCards"/>
  <testcase name="checkingCancelButtons" time="54.532" classname="registrationFlows.PurchaseGiftCards"/>
  <testcase name="invalidInputsExisitingUserPurchase" time="83.049" classname="registrationFlows.PurchaseGiftCards"/>
  <testcase name="redeemGiftCardBasNewUser" time="50.131" classname="registrationFlows.RedeemGiftCards"/>
  <testcase name="redeemGiftCardStandardNewUser" time="52.701" classname="registrationFlows.RedeemGiftCards"/>
  <testcase name="redeemGiftCardPremiumNewUser" time="47.181" classname="registrationFlows.RedeemGiftCards"/>
  <testcase name="redeemGiftCardExistingUserWithoutLogin" time="55.356" classname="registrationFlows.RedeemGiftCards"/>
  <testcase name="redeemGiftCardExistingUserWithLogin" time="58.633" classname="registrationFlows.RedeemGiftCards"/>
  <testcase name="redeemGiftCardNewUserNegative" time="59.785" classname="registrationFlows.RedeemGiftCards"/>
  <testcase name="redeemGiftCardExistingUserNegative" time="346.733" classname="registrationFlows.RedeemGiftCards">
    <failure type="org.openqa.selenium.TimeoutException" message="timeout
  (Session info: chrome=58.0.3029.110)
  (Driver info: chromedriver=2.29.461591 (62ebf098771772160f391d75e589dc567915b233),platform=Windows NT 6.3.9600 x86_64) (WARNING: The server did not provide any stacktrace information)
Command duration or timeout: 300.08 seconds
Build info: version: &amp;apos;3.3.1&amp;apos;, revision: &amp;apos;5234b325d5&amp;apos;, time: &amp;apos;2017-03-10 09:10:29 +0000&amp;apos;
System info: host: &amp;apos;SAI10&amp;apos;, ip: &amp;apos;10.91.0.141&amp;apos;, os.name: &amp;apos;Windows 8.1&amp;apos;, os.arch: &amp;apos;amd64&amp;apos;, os.version: &amp;apos;6.3&amp;apos;, java.version: &amp;apos;1.8.0_121&amp;apos;
Driver info: org.openqa.selenium.chrome.ChromeDriver
Capabilities [{applicationCacheEnabled=false, rotatable=false, mobileEmulationEnabled=false, networkConnectionEnabled=false, chrome={chromedriverVersion=2.29.461591 (62ebf098771772160f391d75e589dc567915b233), userDataDir=C:\Users\SAI11\AppData\Local\Temp\scoped_dir30968_8902}, takesHeapSnapshot=true, pageLoadStrategy=normal, databaseEnabled=false, handlesAlerts=true, hasTouchScreen=false, version=58.0.3029.110, platform=WIN8_1, browserConnectionEnabled=false, nativeEvents=true, acceptSslCerts=true, locationContextEnabled=true, webStorageEnabled=true, browserName=chrome, takesScreenshot=true, javascriptEnabled=true, cssSelectorsEnabled=true, unexpectedAlertBehaviour=}]
Session ID: a7e60c8c5db21338a8d1b2ee33e0f5da">
      <![CDATA[org.openqa.selenium.TimeoutException: timeout
  (Session info: chrome=58.0.3029.110)
  (Driver info: chromedriver=2.29.461591 (62ebf098771772160f391d75e589dc567915b233),platform=Windows NT 6.3.9600 x86_64) (WARNING: The server did not provide any stacktrace information)
Command duration or timeout: 300.08 seconds
Build info: version: '3.3.1', revision: '5234b325d5', time: '2017-03-10 09:10:29 +0000'
System info: host: 'SAI10', ip: '10.91.0.141', os.name: 'Windows 8.1', os.arch: 'amd64', os.version: '6.3', java.version: '1.8.0_121'
Driver info: org.openqa.selenium.chrome.ChromeDriver
Capabilities [{applicationCacheEnabled=false, rotatable=false, mobileEmulationEnabled=false, networkConnectionEnabled=false, chrome={chromedriverVersion=2.29.461591 (62ebf098771772160f391d75e589dc567915b233), userDataDir=C:\Users\SAI11\AppData\Local\Temp\scoped_dir30968_8902}, takesHeapSnapshot=true, pageLoadStrategy=normal, databaseEnabled=false, handlesAlerts=true, hasTouchScreen=false, version=58.0.3029.110, platform=WIN8_1, browserConnectionEnabled=false, nativeEvents=true, acceptSslCerts=true, locationContextEnabled=true, webStorageEnabled=true, browserName=chrome, takesScreenshot=true, javascriptEnabled=true, cssSelectorsEnabled=true, unexpectedAlertBehaviour=}]
Session ID: a7e60c8c5db21338a8d1b2ee33e0f5da
	at org.openqa.selenium.remote.ErrorHandler.createThrowable(ErrorHandler.java:216)
	at org.openqa.selenium.remote.ErrorHandler.throwIfResponseFailed(ErrorHandler.java:168)
	at org.openqa.selenium.remote.RemoteWebDriver.execute(RemoteWebDriver.java:638)
	at org.openqa.selenium.remote.RemoteWebElement.execute(RemoteWebElement.java:274)
	at org.openqa.selenium.remote.RemoteWebElement.click(RemoteWebElement.java:84)
	at org.openqa.selenium.support.pagefactory.internal.LocatingElementHandler.invoke(LocatingElementHandler.java:51)
	at com.sun.proxy.$Proxy14.click(Unknown Source)
	at pages.GiftcardPage.clickToRedeemAsExisting(GiftcardPage.java:271)
	at registrationFlows.RedeemGiftCards.redeemGiftCardExistingUserNegative(RedeemGiftCards.java:1167)
... Removed 32 stack frames]]>
    </failure>
  </testcase> <!-- redeemGiftCardExistingUserNegative -->
  <testcase name="freeCampaignMemberNewUserBas" time="60.466" classname="registrationFlows.RedeemFreeCampaignMember"/>
  <testcase name="freeCampaignMemberNewUserStandard" time="57.127" classname="registrationFlows.RedeemFreeCampaignMember"/>
  <testcase name="freeCampaignMemberNewUserPremium" time="59.286" classname="registrationFlows.RedeemFreeCampaignMember"/>
  <testcase name="freeCampaignMemberExistingUser" time="61.519" classname="registrationFlows.RedeemFreeCampaignMember"/>
  <testcase name="@BeforeSuite initFramework" time="0.0" classname="common.SuperTestScript">
    <ignored/>
  </testcase> <!-- @BeforeSuite initFramework -->
  <testcase name="@BeforeSuite initFramework" time="0.0" classname="common.SuperTestScript">
    <ignored/>
  </testcase> <!-- @BeforeSuite initFramework -->
  <testcase name="@BeforeSuite initFramework" time="0.0" classname="common.SuperTestScript">
    <ignored/>
  </testcase> <!-- @BeforeSuite initFramework -->
  <testcase name="@BeforeSuite initFramework" time="0.0" classname="common.SuperTestScript">
    <ignored/>
  </testcase> <!-- @BeforeSuite initFramework -->
  <testcase name="@BeforeSuite initFramework" time="0.0" classname="common.SuperTestScript">
    <ignored/>
  </testcase> <!-- @BeforeSuite initFramework -->
  <testcase name="@BeforeSuite initFramework" time="0.0" classname="common.SuperTestScript">
    <ignored/>
  </testcase> <!-- @BeforeSuite initFramework -->
  <testcase name="@BeforeSuite initFramework" time="0.0" classname="common.SuperTestScript">
    <ignored/>
  </testcase> <!-- @BeforeSuite initFramework -->
  <testcase name="@BeforeSuite initFramework" time="0.0" classname="common.SuperTestScript">
    <ignored/>
  </testcase> <!-- @BeforeSuite initFramework -->
  <testcase name="@BeforeSuite initFramework" time="0.0" classname="common.SuperTestScript">
    <ignored/>
  </testcase> <!-- @BeforeSuite initFramework -->
  <testcase name="@BeforeSuite initFramework" time="0.0" classname="common.SuperTestScript">
    <ignored/>
  </testcase> <!-- @BeforeSuite initFramework -->
  <testcase name="@AfterSuite closeFramework" time="0.0" classname="common.SuperTestScript">
    <ignored/>
  </testcase> <!-- @AfterSuite closeFramework -->
  <testcase name="@AfterSuite closeFramework" time="0.0" classname="common.SuperTestScript">
    <ignored/>
  </testcase> <!-- @AfterSuite closeFramework -->
  <testcase name="@AfterSuite closeFramework" time="0.0" classname="common.SuperTestScript">
    <ignored/>
  </testcase> <!-- @AfterSuite closeFramework -->
  <testcase name="@AfterSuite closeFramework" time="0.0" classname="common.SuperTestScript">
    <ignored/>
  </testcase> <!-- @AfterSuite closeFramework -->
  <testcase name="@AfterSuite closeFramework" time="0.0" classname="common.SuperTestScript">
    <ignored/>
  </testcase> <!-- @AfterSuite closeFramework -->
  <testcase name="@AfterSuite closeFramework" time="0.0" classname="common.SuperTestScript">
    <ignored/>
  </testcase> <!-- @AfterSuite closeFramework -->
  <testcase name="@AfterSuite closeFramework" time="0.0" classname="common.SuperTestScript">
    <ignored/>
  </testcase> <!-- @AfterSuite closeFramework -->
  <testcase name="@AfterSuite closeFramework" time="0.0" classname="common.SuperTestScript">
    <ignored/>
  </testcase> <!-- @AfterSuite closeFramework -->
  <testcase name="@AfterSuite closeFramework" time="0.0" classname="common.SuperTestScript">
    <ignored/>
  </testcase> <!-- @AfterSuite closeFramework -->
  <testcase name="@AfterSuite closeFramework" time="0.0" classname="common.SuperTestScript">
    <ignored/>
  </testcase> <!-- @AfterSuite closeFramework -->
  <testcase name="@AfterTest closeBrowser" time="0.0" classname="common.SuperTestScript">
    <ignored/>
  </testcase> <!-- @AfterTest closeBrowser -->
  <testcase name="@AfterTest closeBrowser" time="0.0" classname="common.SuperTestScript">
    <ignored/>
  </testcase> <!-- @AfterTest closeBrowser -->
  <testcase name="@AfterTest closeBrowser" time="0.0" classname="common.SuperTestScript">
    <ignored/>
  </testcase> <!-- @AfterTest closeBrowser -->
  <testcase name="@AfterTest closeBrowser" time="0.0" classname="common.SuperTestScript">
    <ignored/>
  </testcase> <!-- @AfterTest closeBrowser -->
  <testcase name="@AfterTest closeBrowser" time="0.0" classname="common.SuperTestScript">
    <ignored/>
  </testcase> <!-- @AfterTest closeBrowser -->
  <testcase name="@AfterTest closeBrowser" time="0.0" classname="common.SuperTestScript">
    <ignored/>
  </testcase> <!-- @AfterTest closeBrowser -->
  <testcase name="@AfterTest closeBrowser" time="0.0" classname="common.SuperTestScript">
    <ignored/>
  </testcase> <!-- @AfterTest closeBrowser -->
  <testcase name="@AfterTest closeBrowser" time="0.0" classname="common.SuperTestScript">
    <ignored/>
  </testcase> <!-- @AfterTest closeBrowser -->
  <testcase name="@AfterTest closeBrowser" time="0.0" classname="common.SuperTestScript">
    <ignored/>
  </testcase> <!-- @AfterTest closeBrowser -->
  <testcase name="@AfterTest closeBrowser" time="0.0" classname="common.SuperTestScript">
    <ignored/>
  </testcase> <!-- @AfterTest closeBrowser -->
  <testcase name="redeemCampaignInvalidInputs" time="0.0" classname="registrationFlows.RedeemFreeCampaignMember">
    <ignored/>
  </testcase> <!-- redeemCampaignInvalidInputs -->
  <testcase name="@BeforeTest initBrowser" time="0.0" classname="common.SuperTestScript">
    <ignored/>
  </testcase> <!-- @BeforeTest initBrowser -->
  <testcase name="@BeforeTest initBrowser" time="0.0" classname="common.SuperTestScript">
    <ignored/>
  </testcase> <!-- @BeforeTest initBrowser -->
  <testcase name="@BeforeTest initBrowser" time="0.0" classname="common.SuperTestScript">
    <ignored/>
  </testcase> <!-- @BeforeTest initBrowser -->
  <testcase name="@BeforeTest initBrowser" time="0.0" classname="common.SuperTestScript">
    <ignored/>
  </testcase> <!-- @BeforeTest initBrowser -->
  <testcase name="@BeforeTest initBrowser" time="0.0" classname="common.SuperTestScript">
    <ignored/>
  </testcase> <!-- @BeforeTest initBrowser -->
  <testcase name="@BeforeTest initBrowser" time="0.0" classname="common.SuperTestScript">
    <ignored/>
  </testcase> <!-- @BeforeTest initBrowser -->
  <testcase name="@BeforeTest initBrowser" time="0.0" classname="common.SuperTestScript">
    <ignored/>
  </testcase> <!-- @BeforeTest initBrowser -->
  <testcase name="@BeforeTest initBrowser" time="0.0" classname="common.SuperTestScript">
    <ignored/>
  </testcase> <!-- @BeforeTest initBrowser -->
  <testcase name="@BeforeTest initBrowser" time="0.0" classname="common.SuperTestScript">
    <ignored/>
  </testcase> <!-- @BeforeTest initBrowser -->
  <testcase name="@BeforeTest initBrowser" time="0.0" classname="common.SuperTestScript">
    <ignored/>
  </testcase> <!-- @BeforeTest initBrowser -->
</testsuite> <!-- Test -->
