<?xml version="1.0" encoding="UTF-8"?>
<!-- Generated by org.testng.reporters.JUnitXMLReporter -->
<testsuite hostname="SAI10" ignored="25" name="Test(failed)" tests="12" failures="8" timestamp="21 Jul 2017 09:48:21 GMT" time="1122.582" errors="0">
  <testcase name="negativeFreeTrialRegistration" time="107.765" classname="postRegistrationRuleMailer.Welcome"/>
  <testcase name="welcomeBackNoOfferBas" time="76.007" classname="confirmationsRuleMailer.WelcomeBackNoOffer"/>
  <testcase name="welcomeBackNoOfferStandard" time="85.313" classname="confirmationsRuleMailer.WelcomeBackNoOffer"/>
  <testcase name="welcomeBackNoOfferPremium" time="102.341" classname="confirmationsRuleMailer.WelcomeBackNoOffer"/>
  <testcase name="negativeFlows" time="93.766" classname="confirmationsRuleMailer.WelcomeBackNoOffer">
    <failure type="org.openqa.selenium.TimeoutException" message="Expected condition failed: waiting for visibility of Proxy element for: DefaultElementLocator &amp;apos;By.xpath: //button[contains(text(),&amp;apos;Bas&amp;apos;)]&amp;apos; (tried for 20 second(s) with 500 MILLISECONDS interval)">
      <![CDATA[org.openqa.selenium.TimeoutException: Expected condition failed: waiting for visibility of Proxy element for: DefaultElementLocator 'By.xpath: //button[contains(text(),'Bas')]' (tried for 20 second(s) with 500 MILLISECONDS interval)
	at org.openqa.selenium.support.ui.WebDriverWait.timeoutException(WebDriverWait.java:80)
	at org.openqa.selenium.support.ui.FluentWait.until(FluentWait.java:232)
	at common.BasePage.waitTillElementIsVisible(BasePage.java:28)
	at pages.NewSubscriptionPage.clickBasSub(NewSubscriptionPage.java:32)
	at confirmationsRuleMailer.WelcomeBackNoOffer.negativeFlows(WelcomeBackNoOffer.java:439)
Caused by: org.openqa.selenium.NoSuchElementException: no such element: Unable to locate element: {"method":"xpath","selector":"//button[contains(text(),'Bas')]"}
  (Session info: chrome=59.0.3071.115)
  (Driver info: chromedriver=2.29.461591 (62ebf098771772160f391d75e589dc567915b233),platform=Windows NT 6.3.9600 x86_64) (WARNING: The server did not provide any stacktrace information)
Command duration or timeout: 20.03 seconds
For documentation on this error, please visit: http://seleniumhq.org/exceptions/no_such_element.html
Build info: version: '3.3.1', revision: '5234b325d5', time: '2017-03-10 09:10:29 +0000'
System info: host: 'SAI10', ip: '10.91.0.192', os.name: 'Windows 8.1', os.arch: 'amd64', os.version: '6.3', java.version: '1.8.0_121'
Driver info: org.openqa.selenium.chrome.ChromeDriver
Capabilities [{applicationCacheEnabled=false, rotatable=false, mobileEmulationEnabled=false, networkConnectionEnabled=false, chrome={chromedriverVersion=2.29.461591 (62ebf098771772160f391d75e589dc567915b233), userDataDir=C:\Users\SAI11\AppData\Local\Temp\scoped_dir39332_27669}, takesHeapSnapshot=true, pageLoadStrategy=normal, databaseEnabled=false, handlesAlerts=true, hasTouchScreen=false, version=59.0.3071.115, platform=WIN8_1, browserConnectionEnabled=false, nativeEvents=true, acceptSslCerts=true, locationContextEnabled=true, webStorageEnabled=true, browserName=chrome, takesScreenshot=true, javascriptEnabled=true, cssSelectorsEnabled=true, unexpectedAlertBehaviour=}]
Session ID: 967c5f4e6671767baff9406b91f771ca
*** Element info: {Using=xpath, value=//button[contains(text(),'Bas')]}
	at org.openqa.selenium.remote.ErrorHandler.createThrowable(ErrorHandler.java:216)
	at org.openqa.selenium.remote.ErrorHandler.throwIfResponseFailed(ErrorHandler.java:168)
	at org.openqa.selenium.remote.RemoteWebDriver.execute(RemoteWebDriver.java:638)
	at org.openqa.selenium.remote.RemoteWebDriver.findElement(RemoteWebDriver.java:371)
	at org.openqa.selenium.remote.RemoteWebDriver.findElementByXPath(RemoteWebDriver.java:476)
	at org.openqa.selenium.By$ByXPath.findElement(By.java:361)
	at org.openqa.selenium.remote.RemoteWebDriver.findElement(RemoteWebDriver.java:363)
	at org.openqa.selenium.support.pagefactory.DefaultElementLocator.findElement(DefaultElementLocator.java:69)
	at org.openqa.selenium.support.pagefactory.internal.LocatingElementHandler.invoke(LocatingElementHandler.java:38)
	at com.sun.proxy.$Proxy14.isDisplayed(Unknown Source)
	at org.openqa.selenium.support.ui.ExpectedConditions.elementIfVisible(ExpectedConditions.java:302)
	at org.openqa.selenium.support.ui.ExpectedConditions.access$100(ExpectedConditions.java:44)
	at org.openqa.selenium.support.ui.ExpectedConditions$10.apply(ExpectedConditions.java:288)
	at org.openqa.selenium.support.ui.ExpectedConditions$10.apply(ExpectedConditions.java:285)
	at org.openqa.selenium.support.ui.FluentWait.until(FluentWait.java:209)
	... 28 more
... Removed 29 stack frames]]>
    </failure>
  </testcase> <!-- negativeFlows -->
  <testcase name="existingMemberSubscriptionUpgrade" time="79.485" classname="confirmationsRuleMailer.SubscriptionUpgrade">
    <failure type="org.openqa.selenium.TimeoutException" message="Expected condition failed: waiting for visibility of Proxy element for: DefaultElementLocator &amp;apos;By.xpath: //button[@class=&amp;apos;blueButton flex upgrade&amp;apos;]&amp;apos; (tried for 20 second(s) with 500 MILLISECONDS interval)">
      <![CDATA[org.openqa.selenium.TimeoutException: Expected condition failed: waiting for visibility of Proxy element for: DefaultElementLocator 'By.xpath: //button[@class='blueButton flex upgrade']' (tried for 20 second(s) with 500 MILLISECONDS interval)
	at org.openqa.selenium.support.ui.WebDriverWait.timeoutException(WebDriverWait.java:80)
	at org.openqa.selenium.support.ui.FluentWait.until(FluentWait.java:232)
	at common.BasePage.waitTillElementIsVisible(BasePage.java:28)
	at pages.MyAccountPage.clickToChangeSubscription(MyAccountPage.java:61)
	at confirmationsRuleMailer.SubscriptionUpgrade.existingMemberSubscriptionUpgrade(SubscriptionUpgrade.java:91)
Caused by: org.openqa.selenium.NoSuchElementException: no such element: Unable to locate element: {"method":"xpath","selector":"//button[@class='blueButton flex upgrade']"}
  (Session info: chrome=59.0.3071.115)
  (Driver info: chromedriver=2.29.461591 (62ebf098771772160f391d75e589dc567915b233),platform=Windows NT 6.3.9600 x86_64) (WARNING: The server did not provide any stacktrace information)
Command duration or timeout: 20.06 seconds
For documentation on this error, please visit: http://seleniumhq.org/exceptions/no_such_element.html
Build info: version: '3.3.1', revision: '5234b325d5', time: '2017-03-10 09:10:29 +0000'
System info: host: 'SAI10', ip: '10.91.0.192', os.name: 'Windows 8.1', os.arch: 'amd64', os.version: '6.3', java.version: '1.8.0_121'
Driver info: org.openqa.selenium.chrome.ChromeDriver
Capabilities [{applicationCacheEnabled=false, rotatable=false, mobileEmulationEnabled=false, networkConnectionEnabled=false, chrome={chromedriverVersion=2.29.461591 (62ebf098771772160f391d75e589dc567915b233), userDataDir=C:\Users\SAI11\AppData\Local\Temp\scoped_dir45284_8696}, takesHeapSnapshot=true, pageLoadStrategy=normal, databaseEnabled=false, handlesAlerts=true, hasTouchScreen=false, version=59.0.3071.115, platform=WIN8_1, browserConnectionEnabled=false, nativeEvents=true, acceptSslCerts=true, locationContextEnabled=true, webStorageEnabled=true, browserName=chrome, takesScreenshot=true, javascriptEnabled=true, cssSelectorsEnabled=true, unexpectedAlertBehaviour=}]
Session ID: a6e230d8a3766592e4bba1cb75149ffd
*** Element info: {Using=xpath, value=//button[@class='blueButton flex upgrade']}
	at org.openqa.selenium.remote.ErrorHandler.createThrowable(ErrorHandler.java:216)
	at org.openqa.selenium.remote.ErrorHandler.throwIfResponseFailed(ErrorHandler.java:168)
	at org.openqa.selenium.remote.RemoteWebDriver.execute(RemoteWebDriver.java:638)
	at org.openqa.selenium.remote.RemoteWebDriver.findElement(RemoteWebDriver.java:371)
	at org.openqa.selenium.remote.RemoteWebDriver.findElementByXPath(RemoteWebDriver.java:476)
	at org.openqa.selenium.By$ByXPath.findElement(By.java:361)
	at org.openqa.selenium.remote.RemoteWebDriver.findElement(RemoteWebDriver.java:363)
	at org.openqa.selenium.support.pagefactory.DefaultElementLocator.findElement(DefaultElementLocator.java:69)
	at org.openqa.selenium.support.pagefactory.internal.LocatingElementHandler.invoke(LocatingElementHandler.java:38)
	at com.sun.proxy.$Proxy14.isDisplayed(Unknown Source)
	at org.openqa.selenium.support.ui.ExpectedConditions.elementIfVisible(ExpectedConditions.java:302)
	at org.openqa.selenium.support.ui.ExpectedConditions.access$100(ExpectedConditions.java:44)
	at org.openqa.selenium.support.ui.ExpectedConditions$10.apply(ExpectedConditions.java:288)
	at org.openqa.selenium.support.ui.ExpectedConditions$10.apply(ExpectedConditions.java:285)
	at org.openqa.selenium.support.ui.FluentWait.until(FluentWait.java:209)
	... 28 more
... Removed 29 stack frames]]>
    </failure>
  </testcase> <!-- existingMemberSubscriptionUpgrade -->
  <testcase name="selectingSameSubscriptionToUpgrade" time="69.151" classname="confirmationsRuleMailer.SubscriptionUpgrade">
    <failure type="org.openqa.selenium.TimeoutException" message="Expected condition failed: waiting for visibility of Proxy element for: DefaultElementLocator &amp;apos;By.xpath: //button[@class=&amp;apos;blueButton flex upgrade&amp;apos;]&amp;apos; (tried for 20 second(s) with 500 MILLISECONDS interval)">
      <![CDATA[org.openqa.selenium.TimeoutException: Expected condition failed: waiting for visibility of Proxy element for: DefaultElementLocator 'By.xpath: //button[@class='blueButton flex upgrade']' (tried for 20 second(s) with 500 MILLISECONDS interval)
	at org.openqa.selenium.support.ui.WebDriverWait.timeoutException(WebDriverWait.java:80)
	at org.openqa.selenium.support.ui.FluentWait.until(FluentWait.java:232)
	at common.BasePage.waitTillElementIsVisible(BasePage.java:28)
	at pages.MyAccountPage.clickToChangeSubscription(MyAccountPage.java:61)
	at confirmationsRuleMailer.SubscriptionUpgrade.selectingSameSubscriptionToUpgrade(SubscriptionUpgrade.java:336)
Caused by: org.openqa.selenium.NoSuchElementException: no such element: Unable to locate element: {"method":"xpath","selector":"//button[@class='blueButton flex upgrade']"}
  (Session info: chrome=59.0.3071.115)
  (Driver info: chromedriver=2.29.461591 (62ebf098771772160f391d75e589dc567915b233),platform=Windows NT 6.3.9600 x86_64) (WARNING: The server did not provide any stacktrace information)
Command duration or timeout: 20.02 seconds
For documentation on this error, please visit: http://seleniumhq.org/exceptions/no_such_element.html
Build info: version: '3.3.1', revision: '5234b325d5', time: '2017-03-10 09:10:29 +0000'
System info: host: 'SAI10', ip: '10.91.0.192', os.name: 'Windows 8.1', os.arch: 'amd64', os.version: '6.3', java.version: '1.8.0_121'
Driver info: org.openqa.selenium.chrome.ChromeDriver
Capabilities [{applicationCacheEnabled=false, rotatable=false, mobileEmulationEnabled=false, networkConnectionEnabled=false, chrome={chromedriverVersion=2.29.461591 (62ebf098771772160f391d75e589dc567915b233), userDataDir=C:\Users\SAI11\AppData\Local\Temp\scoped_dir43940_30553}, takesHeapSnapshot=true, pageLoadStrategy=normal, databaseEnabled=false, handlesAlerts=true, hasTouchScreen=false, version=59.0.3071.115, platform=WIN8_1, browserConnectionEnabled=false, nativeEvents=true, acceptSslCerts=true, locationContextEnabled=true, webStorageEnabled=true, browserName=chrome, takesScreenshot=true, javascriptEnabled=true, cssSelectorsEnabled=true, unexpectedAlertBehaviour=}]
Session ID: 2a60f4cecd01b6c916a965bbf7484a47
*** Element info: {Using=xpath, value=//button[@class='blueButton flex upgrade']}
	at org.openqa.selenium.remote.ErrorHandler.createThrowable(ErrorHandler.java:216)
	at org.openqa.selenium.remote.ErrorHandler.throwIfResponseFailed(ErrorHandler.java:168)
	at org.openqa.selenium.remote.RemoteWebDriver.execute(RemoteWebDriver.java:638)
	at org.openqa.selenium.remote.RemoteWebDriver.findElement(RemoteWebDriver.java:371)
	at org.openqa.selenium.remote.RemoteWebDriver.findElementByXPath(RemoteWebDriver.java:476)
	at org.openqa.selenium.By$ByXPath.findElement(By.java:361)
	at org.openqa.selenium.remote.RemoteWebDriver.findElement(RemoteWebDriver.java:363)
	at org.openqa.selenium.support.pagefactory.DefaultElementLocator.findElement(DefaultElementLocator.java:69)
	at org.openqa.selenium.support.pagefactory.internal.LocatingElementHandler.invoke(LocatingElementHandler.java:38)
	at com.sun.proxy.$Proxy14.isDisplayed(Unknown Source)
	at org.openqa.selenium.support.ui.ExpectedConditions.elementIfVisible(ExpectedConditions.java:302)
	at org.openqa.selenium.support.ui.ExpectedConditions.access$100(ExpectedConditions.java:44)
	at org.openqa.selenium.support.ui.ExpectedConditions$10.apply(ExpectedConditions.java:288)
	at org.openqa.selenium.support.ui.ExpectedConditions$10.apply(ExpectedConditions.java:285)
	at org.openqa.selenium.support.ui.FluentWait.until(FluentWait.java:209)
	... 28 more
... Removed 29 stack frames]]>
    </failure>
  </testcase> <!-- selectingSameSubscriptionToUpgrade -->
  <testcase name="checkingCancelButtons" time="69.366" classname="confirmationsRuleMailer.SubscriptionUpgrade">
    <failure type="org.openqa.selenium.TimeoutException" message="Expected condition failed: waiting for visibility of Proxy element for: DefaultElementLocator &amp;apos;By.xpath: //button[@class=&amp;apos;blueButton flex upgrade&amp;apos;]&amp;apos; (tried for 20 second(s) with 500 MILLISECONDS interval)">
      <![CDATA[org.openqa.selenium.TimeoutException: Expected condition failed: waiting for visibility of Proxy element for: DefaultElementLocator 'By.xpath: //button[@class='blueButton flex upgrade']' (tried for 20 second(s) with 500 MILLISECONDS interval)
	at org.openqa.selenium.support.ui.WebDriverWait.timeoutException(WebDriverWait.java:80)
	at org.openqa.selenium.support.ui.FluentWait.until(FluentWait.java:232)
	at common.BasePage.waitTillElementIsVisible(BasePage.java:28)
	at pages.MyAccountPage.clickToChangeSubscription(MyAccountPage.java:61)
	at confirmationsRuleMailer.SubscriptionUpgrade.checkingCancelButtons(SubscriptionUpgrade.java:609)
Caused by: org.openqa.selenium.NoSuchElementException: no such element: Unable to locate element: {"method":"xpath","selector":"//button[@class='blueButton flex upgrade']"}
  (Session info: chrome=59.0.3071.115)
  (Driver info: chromedriver=2.29.461591 (62ebf098771772160f391d75e589dc567915b233),platform=Windows NT 6.3.9600 x86_64) (WARNING: The server did not provide any stacktrace information)
Command duration or timeout: 20.06 seconds
For documentation on this error, please visit: http://seleniumhq.org/exceptions/no_such_element.html
Build info: version: '3.3.1', revision: '5234b325d5', time: '2017-03-10 09:10:29 +0000'
System info: host: 'SAI10', ip: '10.91.0.192', os.name: 'Windows 8.1', os.arch: 'amd64', os.version: '6.3', java.version: '1.8.0_121'
Driver info: org.openqa.selenium.chrome.ChromeDriver
Capabilities [{applicationCacheEnabled=false, rotatable=false, mobileEmulationEnabled=false, networkConnectionEnabled=false, chrome={chromedriverVersion=2.29.461591 (62ebf098771772160f391d75e589dc567915b233), userDataDir=C:\Users\SAI11\AppData\Local\Temp\scoped_dir36144_23532}, takesHeapSnapshot=true, pageLoadStrategy=normal, databaseEnabled=false, handlesAlerts=true, hasTouchScreen=false, version=59.0.3071.115, platform=WIN8_1, browserConnectionEnabled=false, nativeEvents=true, acceptSslCerts=true, locationContextEnabled=true, webStorageEnabled=true, browserName=chrome, takesScreenshot=true, javascriptEnabled=true, cssSelectorsEnabled=true, unexpectedAlertBehaviour=}]
Session ID: cd5c4df192aee99cb90946b04dba9da7
*** Element info: {Using=xpath, value=//button[@class='blueButton flex upgrade']}
	at org.openqa.selenium.remote.ErrorHandler.createThrowable(ErrorHandler.java:216)
	at org.openqa.selenium.remote.ErrorHandler.throwIfResponseFailed(ErrorHandler.java:168)
	at org.openqa.selenium.remote.RemoteWebDriver.execute(RemoteWebDriver.java:638)
	at org.openqa.selenium.remote.RemoteWebDriver.findElement(RemoteWebDriver.java:371)
	at org.openqa.selenium.remote.RemoteWebDriver.findElementByXPath(RemoteWebDriver.java:476)
	at org.openqa.selenium.By$ByXPath.findElement(By.java:361)
	at org.openqa.selenium.remote.RemoteWebDriver.findElement(RemoteWebDriver.java:363)
	at org.openqa.selenium.support.pagefactory.DefaultElementLocator.findElement(DefaultElementLocator.java:69)
	at org.openqa.selenium.support.pagefactory.internal.LocatingElementHandler.invoke(LocatingElementHandler.java:38)
	at com.sun.proxy.$Proxy14.isDisplayed(Unknown Source)
	at org.openqa.selenium.support.ui.ExpectedConditions.elementIfVisible(ExpectedConditions.java:302)
	at org.openqa.selenium.support.ui.ExpectedConditions.access$100(ExpectedConditions.java:44)
	at org.openqa.selenium.support.ui.ExpectedConditions$10.apply(ExpectedConditions.java:288)
	at org.openqa.selenium.support.ui.ExpectedConditions$10.apply(ExpectedConditions.java:285)
	at org.openqa.selenium.support.ui.FluentWait.until(FluentWait.java:209)
	... 28 more
... Removed 29 stack frames]]>
    </failure>
  </testcase> <!-- checkingCancelButtons -->
  <testcase name="churnPayingMemberTC100601" time="46.921" classname="confirmationsRuleMailer.ChurnPayingMember">
    <failure type="java.lang.AssertionError" message="expected [PREMIUMkontoäravslutat] but found [PREMIUMPLUSkontotäravslutat]">
      <![CDATA[java.lang.AssertionError: expected [PREMIUMkontoäravslutat] but found [PREMIUMPLUSkontotäravslutat]
	at confirmationsRuleMailer.ChurnPayingMember.churnPayingMemberTC100601(ChurnPayingMember.java:150)
... Removed 31 stack frames]]>
    </failure>
  </testcase> <!-- churnPayingMemberTC100601 -->
  <testcase name="churnPayingMemberNoSelection" time="61.884" classname="confirmationsRuleMailer.ChurnPayingMember">
    <failure type="java.lang.AssertionError" message="expected [PREMIUMkontoäravslutat] but found [PREMIUMPLUSkontotäravslutat]">
      <![CDATA[java.lang.AssertionError: expected [PREMIUMkontoäravslutat] but found [PREMIUMPLUSkontotäravslutat]
	at confirmationsRuleMailer.ChurnPayingMember.churnPayingMemberNoSelection(ChurnPayingMember.java:578)
... Removed 31 stack frames]]>
    </failure>
  </testcase> <!-- churnPayingMemberNoSelection -->
  <testcase name="redeemGiftCardNewUserNegative" time="29.974" classname="registrationFlows.RedeemGiftCards">
    <failure type="java.lang.AssertionError" message="The Error Message Does not match on entering Wrong Giftcard Code expected [Presentkortärogiltig] but found [Presentkortskodenärogiltig]">
      <![CDATA[java.lang.AssertionError: The Error Message Does not match on entering Wrong Giftcard Code expected [Presentkortärogiltig] but found [Presentkortskodenärogiltig]
	at registrationFlows.RedeemGiftCards.redeemGiftCardNewUserNegative(RedeemGiftCards.java:916)
... Removed 30 stack frames]]>
    </failure>
  </testcase> <!-- redeemGiftCardNewUserNegative -->
  <testcase name="redeemGiftCardExistingUserNegative" time="49.725" classname="registrationFlows.RedeemGiftCards">
    <failure type="java.lang.AssertionError" message="The Error Message Does not match on entering Wrong Giftcard Code expected [Presentkortärogiltig] but found [Presentkortskodenärogiltig]">
      <![CDATA[java.lang.AssertionError: The Error Message Does not match on entering Wrong Giftcard Code expected [Presentkortärogiltig] but found [Presentkortskodenärogiltig]
	at registrationFlows.RedeemGiftCards.redeemGiftCardExistingUserNegative(RedeemGiftCards.java:1137)
... Removed 30 stack frames]]>
    </failure>
  </testcase> <!-- redeemGiftCardExistingUserNegative -->
  <testcase name="@BeforeSuite initFramework" time="0.0" classname="common.SuperTestScript">
    <ignored/>
  </testcase> <!-- @BeforeSuite initFramework -->
  <testcase name="@BeforeSuite initFramework" time="0.0" classname="common.SuperTestScript">
    <ignored/>
  </testcase> <!-- @BeforeSuite initFramework -->
  <testcase name="@BeforeSuite initFramework" time="0.0" classname="common.SuperTestScript">
    <ignored/>
  </testcase> <!-- @BeforeSuite initFramework -->
  <testcase name="@BeforeSuite initFramework" time="0.0" classname="common.SuperTestScript">
    <ignored/>
  </testcase> <!-- @BeforeSuite initFramework -->
  <testcase name="@AfterSuite closeFramework" time="0.0" classname="common.SuperTestScript">
    <ignored/>
  </testcase> <!-- @AfterSuite closeFramework -->
  <testcase name="@AfterSuite closeFramework" time="0.0" classname="common.SuperTestScript">
    <ignored/>
  </testcase> <!-- @AfterSuite closeFramework -->
  <testcase name="@AfterSuite closeFramework" time="0.0" classname="common.SuperTestScript">
    <ignored/>
  </testcase> <!-- @AfterSuite closeFramework -->
  <testcase name="@AfterSuite closeFramework" time="0.0" classname="common.SuperTestScript">
    <ignored/>
  </testcase> <!-- @AfterSuite closeFramework -->
  <testcase name="welcomeBasSubscription" time="0.0" classname="postRegistrationRuleMailer.Welcome">
    <ignored/>
  </testcase> <!-- welcomeBasSubscription -->
  <testcase name="welcomeStandardSubscription" time="0.0" classname="postRegistrationRuleMailer.Welcome">
    <ignored/>
  </testcase> <!-- welcomeStandardSubscription -->
  <testcase name="redeemGiftCardExistingUserWithoutLogin" time="0.0" classname="registrationFlows.RedeemGiftCards">
    <ignored/>
  </testcase> <!-- redeemGiftCardExistingUserWithoutLogin -->
  <testcase name="redeemGiftCardBasNewUser" time="0.0" classname="registrationFlows.RedeemGiftCards">
    <ignored/>
  </testcase> <!-- redeemGiftCardBasNewUser -->
  <testcase name="redeemGiftCardStandardNewUser" time="0.0" classname="registrationFlows.RedeemGiftCards">
    <ignored/>
  </testcase> <!-- redeemGiftCardStandardNewUser -->
  <testcase name="@AfterTest closeBrowser" time="0.0" classname="common.SuperTestScript">
    <ignored/>
  </testcase> <!-- @AfterTest closeBrowser -->
  <testcase name="@AfterTest closeBrowser" time="0.0" classname="common.SuperTestScript">
    <ignored/>
  </testcase> <!-- @AfterTest closeBrowser -->
  <testcase name="@AfterTest closeBrowser" time="0.0" classname="common.SuperTestScript">
    <ignored/>
  </testcase> <!-- @AfterTest closeBrowser -->
  <testcase name="@AfterTest closeBrowser" time="0.0" classname="common.SuperTestScript">
    <ignored/>
  </testcase> <!-- @AfterTest closeBrowser -->
  <testcase name="churnPayingMemberTC100602" time="0.0" classname="confirmationsRuleMailer.ChurnPayingMember">
    <ignored/>
  </testcase> <!-- churnPayingMemberTC100602 -->
  <testcase name="redeemGiftCardPremiumNewUser" time="0.0" classname="registrationFlows.RedeemGiftCards">
    <ignored/>
  </testcase> <!-- redeemGiftCardPremiumNewUser -->
  <testcase name="redeemGiftCardExistingUserWithLogin" time="0.0" classname="registrationFlows.RedeemGiftCards">
    <ignored/>
  </testcase> <!-- redeemGiftCardExistingUserWithLogin -->
  <testcase name="@BeforeTest initBrowser" time="0.0" classname="common.SuperTestScript">
    <ignored/>
  </testcase> <!-- @BeforeTest initBrowser -->
  <testcase name="@BeforeTest initBrowser" time="0.0" classname="common.SuperTestScript">
    <ignored/>
  </testcase> <!-- @BeforeTest initBrowser -->
  <testcase name="@BeforeTest initBrowser" time="0.0" classname="common.SuperTestScript">
    <ignored/>
  </testcase> <!-- @BeforeTest initBrowser -->
  <testcase name="@BeforeTest initBrowser" time="0.0" classname="common.SuperTestScript">
    <ignored/>
  </testcase> <!-- @BeforeTest initBrowser -->
  <testcase name="welcomePremiumSubscription" time="0.0" classname="postRegistrationRuleMailer.Welcome">
    <ignored/>
  </testcase> <!-- welcomePremiumSubscription -->
</testsuite> <!-- Test(failed) -->
