<?xml version="1.0" encoding="UTF-8"?>
<!-- Generated by org.testng.reporters.JUnitReportReporter -->
<testsuite skipped="1" hostname="SAI10" name="confirmationsRuleMailer.RedeemFreeCampaignMember" tests="4" failures="1" timestamp="15 May 2017 09:47:04 GMT" time="183.096" errors="0">
  <testcase name="freeCampaignMemberNewUserBas" time="114.758" classname="confirmationsRuleMailer.RedeemFreeCampaignMember"/>
  <testcase name="freeCampaignMemberNewUserStandard" time="42.543" classname="confirmationsRuleMailer.RedeemFreeCampaignMember"/>
  <testcase name="freeCampaignMemberNewUserPremium" time="25.795" classname="confirmationsRuleMailer.RedeemFreeCampaignMember">
    <failure type="java.lang.AssertionError" message="expected [STANDARD:199kr/m책nad] but found [PREMIUM:249kr/m책nad]">
      <![CDATA[java.lang.AssertionError: expected [STANDARD:199kr/m책nad] but found [PREMIUM:249kr/m책nad]
	at org.testng.Assert.fail(Assert.java:93)
	at org.testng.Assert.failNotEquals(Assert.java:512)
	at org.testng.Assert.assertEqualsImpl(Assert.java:134)
	at org.testng.Assert.assertEquals(Assert.java:115)
	at org.testng.Assert.assertEquals(Assert.java:189)
	at org.testng.Assert.assertEquals(Assert.java:199)
	at confirmationsRuleMailer.RedeemFreeCampaignMember.freeCampaignMemberNewUserPremium(RedeemFreeCampaignMember.java:463)
	at sun.reflect.NativeMethodAccessorImpl.invoke0(Native Method)
	at sun.reflect.NativeMethodAccessorImpl.invoke(Unknown Source)
	at sun.reflect.DelegatingMethodAccessorImpl.invoke(Unknown Source)
	at java.lang.reflect.Method.invoke(Unknown Source)
	at org.testng.internal.MethodInvocationHelper.invokeMethod(MethodInvocationHelper.java:108)
	at org.testng.internal.Invoker.invokeMethod(Invoker.java:661)
	at org.testng.internal.Invoker.invokeTestMethod(Invoker.java:869)
	at org.testng.internal.Invoker.invokeTestMethods(Invoker.java:1193)
	at org.testng.internal.TestMethodWorker.invokeTestMethods(TestMethodWorker.java:126)
	at org.testng.internal.TestMethodWorker.run(TestMethodWorker.java:109)
	at org.testng.TestRunner.privateRun(TestRunner.java:744)
	at org.testng.TestRunner.run(TestRunner.java:602)
	at org.testng.SuiteRunner.runTest(SuiteRunner.java:380)
	at org.testng.SuiteRunner.runSequentially(SuiteRunner.java:375)
	at org.testng.SuiteRunner.privateRun(SuiteRunner.java:340)
	at org.testng.SuiteRunner.run(SuiteRunner.java:289)
	at org.testng.SuiteRunnerWorker.runSuite(SuiteRunnerWorker.java:52)
	at org.testng.SuiteRunnerWorker.run(SuiteRunnerWorker.java:86)
	at org.testng.TestNG.runSuitesSequentially(TestNG.java:1301)
	at org.testng.TestNG.runSuitesLocally(TestNG.java:1226)
	at org.testng.TestNG.runSuites(TestNG.java:1144)
	at org.testng.TestNG.run(TestNG.java:1115)
	at org.testng.remote.AbstractRemoteTestNG.run(AbstractRemoteTestNG.java:132)
	at org.testng.remote.RemoteTestNG.initAndRun(RemoteTestNG.java:230)
	at org.testng.remote.RemoteTestNG.main(RemoteTestNG.java:76)
]]>
    </failure>
  </testcase> <!-- freeCampaignMemberNewUserPremium -->
  <testcase name="freeCampaignMemberExistingUser" classname="confirmationsRuleMailer.RedeemFreeCampaignMember">
    <skipped/>
  </testcase> <!-- freeCampaignMemberExistingUser -->
</testsuite> <!-- confirmationsRuleMailer.RedeemFreeCampaignMember -->
